<?xml version="1.0" encoding="UTF-8"?>
<!-- Generated by org.testng.reporters.JUnitXMLReporter -->
<testsuite ignored="0" hostname="DESKTOP-KJ5HK5H" failures="0" tests="5" name="Default test" time="19.728" errors="0" timestamp="2024-04-04T16:41:18 IST">
  <testcase classname="testCases.OrikonTestCase" name="TC01_RegistrationPage" time="0.518"/>
  <testcase classname="testCases.OrikonTestCase" name="TC02_ContactPage" time="5.663"/>
  <testcase classname="testCases.OrikonTestCase" name="TC03_PaymentPage" time="0.81"/>
  <testcase classname="testCases.OrikonTestCase" name="TC04_TermsPage" time="10.349"/>
  <testcase classname="testCases.OrikonTestCase" name="TC05_SuccessfullPage" time="2.261"/>
</testsuite> <!-- Default test -->
