<?xml version="1.0" encoding="UTF-8"?>
<testng-results ignored="0" total="5" passed="5" failed="0" skipped="0">
  <reporter-output>
  </reporter-output>
  <suite started-at="2024-04-04T16:40:58 IST" name="Default suite" finished-at="2024-04-04T16:41:18 IST" duration-ms="19728">
    <groups>
    </groups>
    <test started-at="2024-04-04T16:40:58 IST" name="Default test" finished-at="2024-04-04T16:41:18 IST" duration-ms="19728">
      <class name="testCases.OrikonTestCase">
        <test-method is-config="true" signature="init()[pri:0, instance:testCases.OrikonTestCase@4803b726]" started-at="2024-04-04T16:40:53 IST" name="init" finished-at="2024-04-04T16:40:58 IST" duration-ms="4489" status="PASS">
          <reporter-output>
          </reporter-output>
        </test-method> <!-- init -->
        <test-method is-config="true" signature="objectCall()[pri:0, instance:testCases.OrikonTestCase@4803b726]" started-at="2024-04-04T16:40:58 IST" name="objectCall" finished-at="2024-04-04T16:40:58 IST" duration-ms="63" status="PASS">
          <reporter-output>
          </reporter-output>
        </test-method> <!-- objectCall -->
        <test-method signature="TC01_RegistrationPage()[pri:0, instance:testCases.OrikonTestCase@4803b726]" started-at="2024-04-04T16:40:58 IST" name="TC01_RegistrationPage" finished-at="2024-04-04T16:40:59 IST" duration-ms="518" status="PASS">
          <reporter-output>
          </reporter-output>
        </test-method> <!-- TC01_RegistrationPage -->
        <test-method signature="TC02_ContactPage()[pri:0, instance:testCases.OrikonTestCase@4803b726]" started-at="2024-04-04T16:40:59 IST" name="TC02_ContactPage" finished-at="2024-04-04T16:41:04 IST" duration-ms="5663" status="PASS">
          <reporter-output>
          </reporter-output>
        </test-method> <!-- TC02_ContactPage -->
        <test-method signature="TC03_PaymentPage()[pri:0, instance:testCases.OrikonTestCase@4803b726]" started-at="2024-04-04T16:41:04 IST" name="TC03_PaymentPage" finished-at="2024-04-04T16:41:05 IST" duration-ms="810" status="PASS">
          <reporter-output>
          </reporter-output>
        </test-method> <!-- TC03_PaymentPage -->
        <test-method signature="TC04_TermsPage()[pri:0, instance:testCases.OrikonTestCase@4803b726]" started-at="2024-04-04T16:41:05 IST" name="TC04_TermsPage" finished-at="2024-04-04T16:41:15 IST" duration-ms="10349" status="PASS">
          <reporter-output>
          </reporter-output>
        </test-method> <!-- TC04_TermsPage -->
        <test-method signature="TC05_SuccessfullPage()[pri:0, instance:testCases.OrikonTestCase@4803b726]" started-at="2024-04-04T16:41:15 IST" name="TC05_SuccessfullPage" finished-at="2024-04-04T16:41:18 IST" duration-ms="2261" status="PASS">
          <reporter-output>
          </reporter-output>
        </test-method> <!-- TC05_SuccessfullPage -->
      </class> <!-- testCases.OrikonTestCase -->
    </test> <!-- Default test -->
  </suite> <!-- Default suite -->
</testng-results>
